[Breakpoint 0]
Enabled=true
File=test.s
Line=118
Temporary=false

[Breakpoint 1]
Enabled=true
File=output.s
Line=9
Temporary=false

[Breakpoint 2]
Enabled=true
File=output.s
Line=55
Temporary=false

[General]
DebuggerCmdStr=
DriverName=GDB
FileVersion=1
OptionsSelected=
ProgramArgs=
TTYLevel=7
WorkingDirectory=

[Memory]
ColumnWidths=236,231
Expression1=0xbfb8f3e8
Expression10=0xbff2d0d8
Expression11=0xbfd4f680
Expression12=0xbfd4f600
Expression13=0xbfd4f720
Expression14=0xbfd4f700
Expression15=0xbfd4f6f8
Expression16=ebp
Expression17=%ebp
Expression2=0xbfb8ddb4
Expression3=0xbfb8dd28
Expression4=0xbfc70608
Expression5=0xbfc70610
Expression6=0xbfc70602
Expression7=0xbfc7062
Expression8=0xbf90d2b0
Expression9=0xbff2d0d0
Format1=19
Format10=19
Format11=19
Format12=19
Format13=19
Format14=19
Format15=19
Format16=19
Format17=19
Format2=19
Format3=19
Format4=19
Format5=19
Format6=19
Format7=19
Format8=19
Format9=19
NumExprs=17

[Watches]
Expr0=8(%ebp)
Expr1=12(%ebp)
Expr2=%eax
